  main.cpp
C:\Year B semester B\graphic\ArielYogev_GuyBenMoshe\Graphics\Graphics\main.cpp(35,23): warning C4305: 'argument': truncation from 'double' to 'GLclampf'
C:\Year B semester B\graphic\ArielYogev_GuyBenMoshe\Graphics\Graphics\main.cpp(38,12): warning C4244: 'argument': conversion from 'time_t' to 'unsigned int', possible loss of data
C:\Year B semester B\graphic\ArielYogev_GuyBenMoshe\Graphics\Graphics\main.cpp(81,17): warning C4244: 'initializing': conversion from 'double' to 'int', possible loss of data
C:\Year B semester B\graphic\ArielYogev_GuyBenMoshe\Graphics\Graphics\main.cpp(82,22): warning C4244: 'initializing': conversion from 'double' to 'int', possible loss of data
C:\Year B semester B\graphic\ArielYogev_GuyBenMoshe\Graphics\Graphics\main.cpp(100,11): warning C4244: 'initializing': conversion from 'double' to 'int', possible loss of data
C:\Year B semester B\graphic\ArielYogev_GuyBenMoshe\Graphics\Graphics\main.cpp(273,23): warning C4244: 'argument': conversion from 'int' to 'GLfloat', possible loss of data
C:\Year B semester B\graphic\ArielYogev_GuyBenMoshe\Graphics\Graphics\main.cpp(316,1): warning C4326: return type of 'main' should be 'int' instead of 'void'
main.obj : error LNK2019: unresolved external symbol __imp_glutInitWindowPosition referenced in function main
main.obj : error LNK2019: unresolved external symbol __imp_glutInitWindowSize referenced in function main
main.obj : error LNK2019: unresolved external symbol __imp_glutInitDisplayMode referenced in function main
main.obj : error LNK2019: unresolved external symbol __imp_glutMainLoop referenced in function main
main.obj : error LNK2019: unresolved external symbol __imp_glutPostRedisplay referenced in function "void __cdecl idle(void)" (?idle@@YAXXZ)
main.obj : error LNK2019: unresolved external symbol __imp_glutSwapBuffers referenced in function "void __cdecl display(void)" (?display@@YAXXZ)
main.obj : error LNK2019: unresolved external symbol __imp_glutIdleFunc referenced in function main
main.obj : error LNK2019: unresolved external symbol __imp_glutDisplayFunc referenced in function main
main.obj : error LNK2019: unresolved external symbol __imp___glutInitWithExit referenced in function glutInit_ATEXIT_HACK
main.obj : error LNK2019: unresolved external symbol __imp___glutCreateWindowWithExit referenced in function glutCreateWindow_ATEXIT_HACK
freeglut.lib : warning LNK4272: library machine type 'x86' conflicts with target machine type 'x64'
C:\Year B semester B\graphic\ArielYogev_GuyBenMoshe\Graphics\x64\Debug\Graphics.exe : fatal error LNK1120: 10 unresolved externals
