  main.cpp
C:\C.S FILES\Year B semester B\graphic\Flag\Graphics\main.cpp(28,9): warning C4101: 'j': unreferenced local variable
C:\C.S FILES\Year B semester B\graphic\Flag\Graphics\main.cpp(28,6): warning C4101: 'i': unreferenced local variable
C:\C.S FILES\Year B semester B\graphic\Flag\Graphics\main.cpp(61,23): warning C4244: '=': conversion from 'double' to 'int', possible loss of data
C:\C.S FILES\Year B semester B\graphic\Flag\Graphics\main.cpp(81,19): warning C4244: '=': conversion from 'double' to 'int', possible loss of data
C:\C.S FILES\Year B semester B\graphic\Flag\Graphics\main.cpp(99,27): warning C4244: '=': conversion from 'double' to 'unsigned char', possible loss of data
C:\C.S FILES\Year B semester B\graphic\Flag\Graphics\main.cpp(102,27): warning C4244: '=': conversion from 'double' to 'unsigned char', possible loss of data
C:\C.S FILES\Year B semester B\graphic\Flag\Graphics\main.cpp(103,27): warning C4244: '=': conversion from 'double' to 'unsigned char', possible loss of data
C:\C.S FILES\Year B semester B\graphic\Flag\Graphics\main.cpp(104,27): warning C4244: '=': conversion from 'double' to 'unsigned char', possible loss of data
C:\C.S FILES\Year B semester B\graphic\Flag\Graphics\main.cpp(110,24): warning C4838: conversion from 'double' to 'int' requires a narrowing conversion
C:\C.S FILES\Year B semester B\graphic\Flag\Graphics\main.cpp(110,24): warning C4244: 'initializing': conversion from 'double' to 'int', possible loss of data
C:\C.S FILES\Year B semester B\graphic\Flag\Graphics\main.cpp(111,35): warning C4838: conversion from 'double' to 'int' requires a narrowing conversion
C:\C.S FILES\Year B semester B\graphic\Flag\Graphics\main.cpp(111,35): warning C4244: 'initializing': conversion from 'double' to 'int', possible loss of data
C:\C.S FILES\Year B semester B\graphic\Flag\Graphics\main.cpp(112,35): warning C4838: conversion from 'double' to 'int' requires a narrowing conversion
C:\C.S FILES\Year B semester B\graphic\Flag\Graphics\main.cpp(112,35): warning C4244: 'initializing': conversion from 'double' to 'int', possible loss of data
C:\C.S FILES\Year B semester B\graphic\Flag\Graphics\main.cpp(118,27): warning C4838: conversion from 'double' to 'int' requires a narrowing conversion
C:\C.S FILES\Year B semester B\graphic\Flag\Graphics\main.cpp(118,27): warning C4244: 'initializing': conversion from 'double' to 'int', possible loss of data
C:\C.S FILES\Year B semester B\graphic\Flag\Graphics\main.cpp(119,38): warning C4838: conversion from 'double' to 'int' requires a narrowing conversion
C:\C.S FILES\Year B semester B\graphic\Flag\Graphics\main.cpp(119,38): warning C4244: 'initializing': conversion from 'double' to 'int', possible loss of data
C:\C.S FILES\Year B semester B\graphic\Flag\Graphics\main.cpp(120,38): warning C4838: conversion from 'double' to 'int' requires a narrowing conversion
C:\C.S FILES\Year B semester B\graphic\Flag\Graphics\main.cpp(120,38): warning C4244: 'initializing': conversion from 'double' to 'int', possible loss of data
C:\C.S FILES\Year B semester B\graphic\Flag\Graphics\main.cpp(92,12): warning C4101: 'y': unreferenced local variable
C:\C.S FILES\Year B semester B\graphic\Flag\Graphics\main.cpp(92,15): warning C4101: 'x': unreferenced local variable
C:\C.S FILES\Year B semester B\graphic\Flag\Graphics\main.cpp(137,1): warning C4326: return type of 'main' should be 'int' instead of 'void'
  Graphics.vcxproj -> C:\C.S FILES\Year B semester B\graphic\Flag\Debug\Graphics.exe
