c:\users\victort\desktop\stars\graphics\graphics\graphics\debug\vc141.pdb
c:\users\victort\desktop\stars\graphics\graphics\graphics\debug\vc141.idb
c:\users\victort\desktop\stars\graphics\graphics\graphics\debug\main.obj
c:\victor\work\graphics\summer 2023\graphics\graphics\graphics\debug\vc143.pdb
c:\victor\work\graphics\summer 2023\graphics\graphics\graphics\debug\vc143.idb
c:\victor\work\graphics\summer 2023\graphics\graphics\graphics\debug\main.obj
c:\users\victort\desktop\stars\graphics\graphics\debug\graphics.exe
c:\users\victort\desktop\stars\graphics\graphics\debug\graphics.ilk
c:\users\victort\desktop\stars\graphics\graphics\debug\graphics.pdb
c:\victor\work\graphics\summer 2023\graphics\graphics\graphics\debug\graphics.ilk
c:\victor\work\graphics\summer 2023\graphics\graphics\debug\graphics.exe
c:\victor\work\graphics\summer 2023\graphics\graphics\debug\graphics.pdb
c:\year b semester b\graphic\arielyogev_guybenmoshe\graphics\graphics\debug\main.obj
c:\year b semester b\graphic\arielyogev_guybenmoshe\graphics\graphics\debug\graphics.ilk
c:\year b semester b\graphic\arielyogev_guybenmoshe\graphics\graphics\debug\vc141.idb
c:\year b semester b\graphic\arielyogev_guybenmoshe\graphics\graphics\debug\vc143.idb
c:\year b semester b\graphic\arielyogev_guybenmoshe\graphics\graphics\debug\vc141.pdb
c:\year b semester b\graphic\arielyogev_guybenmoshe\graphics\graphics\debug\vc143.pdb
c:\year b semester b\graphic\arielyogev_guybenmoshe\graphics\debug\graphics.pdb
c:\year b semester b\graphic\arielyogev_guybenmoshe\graphics\debug\graphics.exe
c:\year b semester b\graphic\arielyogev_guybenmoshe\graphics\debug\graphics.ilk
c:\year b semester b\graphic\arielyogev_guybenmoshe\graphics\graphics\debug\graphics.tlog\cl.command.1.tlog
c:\year b semester b\graphic\arielyogev_guybenmoshe\graphics\graphics\debug\graphics.tlog\cl.read.1.tlog
c:\year b semester b\graphic\arielyogev_guybenmoshe\graphics\graphics\debug\graphics.tlog\cl.write.1.tlog
c:\year b semester b\graphic\arielyogev_guybenmoshe\graphics\graphics\debug\graphics.tlog\link.command.1.tlog
c:\year b semester b\graphic\arielyogev_guybenmoshe\graphics\graphics\debug\graphics.tlog\link.read.1.tlog
c:\year b semester b\graphic\arielyogev_guybenmoshe\graphics\graphics\debug\graphics.tlog\link.write.1.tlog
