  main.cpp
C:\C.S FILES\Year B semester B\graphic\Graphics\Graphics\main.cpp(65,23): warning C4244: '=': conversion from 'double' to 'int', possible loss of data
C:\C.S FILES\Year B semester B\graphic\Graphics\Graphics\main.cpp(85,19): warning C4244: '=': conversion from 'double' to 'int', possible loss of data
C:\C.S FILES\Year B semester B\graphic\Graphics\Graphics\main.cpp(113,26): warning C4244: '=': conversion from 'double' to 'unsigned char', possible loss of data
C:\C.S FILES\Year B semester B\graphic\Graphics\Graphics\main.cpp(114,26): warning C4244: '=': conversion from 'double' to 'unsigned char', possible loss of data
C:\C.S FILES\Year B semester B\graphic\Graphics\Graphics\main.cpp(115,26): warning C4244: '=': conversion from 'double' to 'unsigned char', possible loss of data
C:\C.S FILES\Year B semester B\graphic\Graphics\Graphics\main.cpp(151,1): warning C4326: return type of 'main' should be 'int' instead of 'void'
main.obj : error LNK2019: unresolved external symbol __imp_glutInitWindowPosition referenced in function main
main.obj : error LNK2019: unresolved external symbol __imp_glutInitWindowSize referenced in function main
main.obj : error LNK2019: unresolved external symbol __imp_glutInitDisplayMode referenced in function main
main.obj : error LNK2019: unresolved external symbol __imp_glutMainLoop referenced in function main
main.obj : error LNK2019: unresolved external symbol __imp_glutPostRedisplay referenced in function "void __cdecl idle(void)" (?idle@@YAXXZ)
main.obj : error LNK2019: unresolved external symbol __imp_glutSwapBuffers referenced in function "void __cdecl display(void)" (?display@@YAXXZ)
main.obj : error LNK2019: unresolved external symbol __imp_glutIdleFunc referenced in function main
main.obj : error LNK2019: unresolved external symbol __imp_glutDisplayFunc referenced in function main
main.obj : error LNK2019: unresolved external symbol __imp_glutMouseFunc referenced in function main
main.obj : error LNK2019: unresolved external symbol __imp___glutInitWithExit referenced in function glutInit_ATEXIT_HACK
main.obj : error LNK2019: unresolved external symbol __imp___glutCreateWindowWithExit referenced in function glutCreateWindow_ATEXIT_HACK
freeglut.lib : warning LNK4272: library machine type 'x86' conflicts with target machine type 'x64'
C:\C.S FILES\Year B semester B\graphic\Graphics\x64\Debug\Graphics.exe : fatal error LNK1120: 11 unresolved externals
